<?xml version="1.0" encoding="UTF-8"?>
<!-- Generated by org.testng.reporters.JUnitXMLReporter -->
<testsuite ignored="3" hostname="Dharanidhar-PC" failures="0" tests="2" name="Test" time="19.003" errors="0" timestamp="2025-06-03T21:57:09 IST">
  <testcase classname="kiran.test.SubmitOrder" name="SubmitOrder" time="4.948"/>
  <testcase classname="kiran.test.SubmitOrder" name="SubmitOrder" time="4.981"/>
  <testcase classname="kiran.test.ErrorValidation" name="ErrorMSGTest" time="0.0">
    <ignored/>
  </testcase> <!-- ErrorMSGTest -->
  <testcase classname="kiran.test.SubmitOrder" name="ValidateOrderPage" time="0.0">
    <ignored/>
  </testcase> <!-- ValidateOrderPage -->
  <testcase classname="kiran.test.ErrorValidation" name="OrderErrorTest" time="0.0">
    <ignored/>
  </testcase> <!-- OrderErrorTest -->
</testsuite> <!-- Test -->
