<?xml version="1.0" encoding="UTF-8"?>
<!-- Generated by org.testng.reporters.JUnitXMLReporter -->
<testsuite ignored="0" hostname="Dharanidhar-PC" failures="1" tests="4" name="error" time="24.16" errors="0" timestamp="2025-06-05T15:58:31 IST">
  <testcase classname="kiran.test.ErrorValidation" name="ErrorMSGTest" time="0.44">
    <skipped/>
  </testcase> <!-- ErrorMSGTest -->
  <testcase classname="kiran.test.ErrorValidation" name="ErrorMSGTest" time="0.41">
    <skipped/>
  </testcase> <!-- ErrorMSGTest -->
  <testcase classname="kiran.test.ErrorValidation" name="ErrorMSGTest" time="0.465">
    <failure type="java.lang.AssertionError" message="expected [Incorrect email or passworda.] but found [Incorrect email or password.]">
      <![CDATA[java.lang.AssertionError: expected [Incorrect email or passworda.] but found [Incorrect email or password.]
at kiran.test.ErrorValidation.ErrorMSGTest(ErrorValidation.java:32)
at java.base/java.util.ArrayList.forEach(ArrayList.java:1596)
at java.base/java.util.concurrent.FutureTask.run(FutureTask.java:317)
at java.base/java.util.concurrent.ThreadPoolExecutor.runWorker(ThreadPoolExecutor.java:1144)
at java.base/java.util.concurrent.ThreadPoolExecutor$Worker.run(ThreadPoolExecutor.java:642)
at java.base/java.lang.Thread.run(Thread.java:1583)
... Removed 21 stack frames]]>
    </failure>
  </testcase> <!-- ErrorMSGTest -->
  <testcase classname="kiran.test.ErrorValidation" name="OrderErrorTest" time="4.166"/>
</testsuite> <!-- error -->
