<?xml version="1.0" encoding="UTF-8"?>
<!-- Generated by org.testng.reporters.JUnitXMLReporter -->
<testsuite ignored="0" hostname="Dharanidhar-PC" failures="0" tests="3" name="Test" time="23.154" errors="0" timestamp="2025-06-05T15:58:30 IST">
  <testcase classname="kiran.test.SubmitOrder" name="SubmitOrder" time="5.032"/>
  <testcase classname="kiran.test.SubmitOrder" name="SubmitOrder" time="4.912"/>
  <testcase classname="kiran.test.SubmitOrder" name="ValidateOrderPage" time="0.694"/>
</testsuite> <!-- Test -->
